<?xml version="1.0" encoding="UTF-8"?>
<!-- Generated by org.testng.reporters.JUnitXMLReporter -->
<testsuite ignored="0" hostname="CHITRA-PC" failures="0" tests="3" name="Test" time="55.118" errors="0" timestamp="2024-01-04T08:46:57 IST">
  <testcase classname="groupExecution.DeleteAddress" name="deleteAddress" time="3.025"/>
  <testcase classname="groupExecution.UpdateAddress" name="updateAddress" time="3.012"/>
  <testcase classname="groupExecution.AddAddress" name="addAddress" time="3.012"/>
</testsuite> <!-- Test -->
